[debug] [2024-10-06T10:56:45.467Z] ----------------------------------------------------------------------
[debug] [2024-10-06T10:56:45.471Z] Command:       C:\Program Files\nodejs\node.exe C:\Users\Abhinav\AppData\Roaming\npm\node_modules\firebase-tools\lib\bin\firebase.js init
[debug] [2024-10-06T10:56:45.472Z] CLI Version:   13.20.2
[debug] [2024-10-06T10:56:45.472Z] Platform:      win32
[debug] [2024-10-06T10:56:45.472Z] Node Version:  v20.11.1
[debug] [2024-10-06T10:56:45.472Z] Time:          Sun Oct 06 2024 16:26:45 GMT+0530 (India Standard Time)
[debug] [2024-10-06T10:56:45.472Z] ----------------------------------------------------------------------
[debug] 
[debug] [2024-10-06T10:56:45.481Z] > command requires scopes: ["email","openid","https://www.googleapis.com/auth/cloudplatformprojects.readonly","https://www.googleapis.com/auth/firebase","https://www.googleapis.com/auth/cloud-platform"]
[debug] [2024-10-06T10:56:45.481Z] > authorizing via signed-in user (abhinavch53@gmail.com)
[info] 
     ######## #### ########  ######## ########     ###     ######  ########
     ##        ##  ##     ## ##       ##     ##  ##   ##  ##       ##
     ######    ##  ########  ######   ########  #########  ######  ######
     ##        ##  ##    ##  ##       ##     ## ##     ##       ## ##
     ##       #### ##     ## ######## ########  ##     ##  ######  ########

You're about to initialize a Firebase project in this directory:

  D:\...Abhinav Portfolio\portfolio

[info] 
=== Project Setup
[info] 
[info] First, let's associate this project directory with a Firebase project.
[info] You can create multiple project aliases by running firebase use --add, 
[info] but for now we'll just set up a default project.
[info] 
[debug] [2024-10-06T10:57:13.902Z] Checked if tokens are valid: true, expires at: 1728215780698
[debug] [2024-10-06T10:57:13.902Z] Checked if tokens are valid: true, expires at: 1728215780698
[debug] [2024-10-06T10:57:13.907Z] >>> [apiv2][query] GET https://firebase.googleapis.com/v1beta1/projects pageSize=100
[debug] [2024-10-06T10:57:14.812Z] <<< [apiv2][status] GET https://firebase.googleapis.com/v1beta1/projects 200
[debug] [2024-10-06T10:57:14.813Z] <<< [apiv2][body] GET https://firebase.googleapis.com/v1beta1/projects [omitted]
[info] i  Using project portfolio-12612 (portfolio) 
[info] 
=== Hosting Setup
[debug] [2024-10-06T10:57:25.913Z] Checked if tokens are valid: true, expires at: 1728215780698
[debug] [2024-10-06T10:57:25.913Z] Checked if tokens are valid: true, expires at: 1728215780698
[debug] [2024-10-06T10:57:25.914Z] >>> [apiv2][query] GET https://firebase.googleapis.com/v1beta1/projects/portfolio-12612 [none]
[debug] [2024-10-06T10:57:26.502Z] <<< [apiv2][status] GET https://firebase.googleapis.com/v1beta1/projects/portfolio-12612 200
[debug] [2024-10-06T10:57:26.502Z] <<< [apiv2][body] GET https://firebase.googleapis.com/v1beta1/projects/portfolio-12612 {"projectId":"portfolio-12612","projectNumber":"273578710703","displayName":"portfolio","name":"projects/portfolio-12612","resources":{"hostingSite":"portfolio-12612"},"state":"ACTIVE","etag":"1_caba3359-567a-4ede-b2cc-0b3358ddd623"}
[info] 
[info] Your public directory is the folder (relative to your project directory) that
[info] will contain Hosting assets to be uploaded with firebase deploy. If you
[info] have a build process for your assets, use your build's output directory.
[info] 
